2023-07-05 11:17:27 INFO  SecurityConfig:40 - Configuration complete
2023-07-05 11:18:48 INFO  SecurityConfig:40 - Configuration complete
2023-07-05 11:36:17 INFO  SecurityConfig:40 - Configuration complete
2023-07-05 11:42:13 INFO  SecurityConfig:40 - Configuration complete
2023-07-05 11:44:28 INFO  SecurityConfig:40 - Configuration complete
2023-07-05 11:46:14 INFO  SecurityConfig:40 - Configuration complete
2023-07-05 11:48:51 INFO  SecurityConfig:40 - Configuration complete
2023-07-05 12:07:05 INFO  SecurityConfig:40 - Configuration complete
2023-07-05 12:48:36 INFO  SecurityConfig:40 - Configuration complete
2023-07-05 13:03:49 INFO  SecurityConfig:40 - Configuration complete
2023-07-05 14:32:57 INFO  SecurityConfig:40 - Configuration complete
2023-07-05 14:39:13 INFO  SecurityConfig:40 - Configuration complete
2023-07-05 14:40:30 INFO  SecurityConfig:40 - Configuration complete
2023-07-05 15:18:55 INFO  SecurityConfig:40 - Configuration complete
2023-07-05 15:19:31 INFO  SecurityConfig:40 - Configuration complete
2023-07-05 15:20:51 INFO  SecurityConfig:40 - Configuration complete
2023-07-05 15:21:34 INFO  SecurityConfig:40 - Configuration complete
2023-07-05 15:23:05 INFO  SecurityConfig:40 - Configuration complete
2023-07-05 15:23:57 INFO  SecurityConfig:40 - Configuration complete
2023-07-05 15:32:45 INFO  SecurityConfig:40 - Configuration complete
2023-07-05 15:33:49 INFO  SecurityConfig:40 - Configuration complete
2023-07-05 15:35:02 INFO  SecurityConfig:40 - Configuration complete
2023-07-05 16:00:43 INFO  SecurityConfig:40 - Configuration complete
2023-07-05 16:03:43 INFO  SecurityConfig:40 - Configuration complete
2023-07-05 16:06:21 INFO  SecurityConfig:40 - Configuration complete
2023-07-05 16:08:03 INFO  SecurityConfig:40 - Configuration complete
2023-07-05 16:09:05 INFO  SecurityConfig:40 - Configuration complete
2023-07-05 16:31:47 INFO  SecurityConfig:40 - Configuration complete
2023-07-05 16:35:36 INFO  SecurityConfig:40 - Configuration complete
2023-07-05 16:38:35 INFO  SecurityConfig:40 - Configuration complete
2023-07-05 16:39:46 INFO  SecurityConfig:40 - Configuration complete
2023-07-05 16:52:48 INFO  SecurityConfig:40 - Configuration complete
2023-07-06 08:51:33 INFO  SecurityConfig:40 - Configuration complete
2023-07-06 09:05:37 INFO  SecurityConfig:40 - Configuration complete
2023-07-06 09:06:16 INFO  SecurityConfig:40 - Configuration complete
2023-07-06 09:08:29 INFO  SecurityConfig:40 - Configuration complete
2023-07-06 09:08:45 INFO  SecurityConfig:40 - Configuration complete
2023-07-06 09:09:15 INFO  SecurityConfig:40 - Configuration complete
2023-07-06 09:18:34 INFO  SecurityConfig:40 - Configuration complete
2023-07-06 09:19:16 INFO  SecurityConfig:40 - Configuration complete
2023-07-06 09:22:15 INFO  SecurityConfig:40 - Configuration complete
2023-07-06 09:23:52 INFO  SecurityConfig:40 - Configuration complete
2023-07-06 09:24:05 INFO  SecurityConfig:40 - Configuration complete
2023-07-06 09:24:59 INFO  SecurityConfig:40 - Configuration complete
2023-07-06 09:25:40 INFO  SecurityConfig:40 - Configuration complete
2023-07-06 09:25:57 INFO  SecurityConfig:40 - Configuration complete
2023-07-06 09:26:24 INFO  SecurityConfig:40 - Configuration complete
2023-07-06 09:27:31 INFO  SecurityConfig:40 - Configuration complete
2023-07-06 09:27:55 INFO  SecurityConfig:40 - Configuration complete
2023-07-06 09:29:52 INFO  SecurityConfig:40 - Configuration complete
2023-07-06 09:58:47 INFO  SecurityConfig:40 - Configuration complete
2023-07-06 09:59:25 INFO  SecurityConfig:40 - Configuration complete
2023-07-06 10:00:08 INFO  SecurityConfig:40 - Configuration complete
2023-07-06 10:01:00 INFO  SecurityConfig:40 - Configuration complete
2023-07-06 10:02:04 INFO  SecurityConfig:40 - Configuration complete
2023-07-06 10:02:39 INFO  SecurityConfig:40 - Configuration complete
2023-07-06 10:04:43 INFO  SecurityConfig:40 - Configuration complete
2023-07-06 10:05:27 INFO  SecurityConfig:40 - Configuration complete
2023-07-06 10:06:52 INFO  SecurityConfig:40 - Configuration complete
2023-07-06 10:07:18 INFO  SecurityConfig:40 - Configuration complete
2023-07-06 10:08:49 INFO  SecurityConfig:40 - Configuration complete
2023-07-06 10:09:23 INFO  SecurityConfig:40 - Configuration complete
2023-07-06 10:10:44 INFO  SecurityConfig:40 - Configuration complete
2023-07-06 10:11:42 INFO  SecurityConfig:40 - Configuration complete
2023-07-06 10:12:43 INFO  SecurityConfig:40 - Configuration complete
2023-07-06 10:14:15 INFO  SecurityConfig:40 - Configuration complete
2023-07-06 10:14:30 WARN  LoginController:44 - CMG TO LOGIN!!
2023-07-06 10:15:14 INFO  SecurityConfig:40 - Configuration complete
2023-07-06 10:15:42 INFO  SecurityConfig:40 - Configuration complete
2023-07-06 10:15:51 WARN  LoginController:44 - CMG TO LOGIN!! null null
2023-07-06 10:16:34 INFO  SecurityConfig:40 - Configuration complete
2023-07-06 10:16:43 WARN  LoginController:44 - CMG TO LOGIN!! a@gmail.com 1234
2023-07-06 10:17:06 WARN  LoginController:44 - CMG TO LOGIN!! abc@gmail.com 1234
2023-07-06 10:20:20 INFO  SecurityConfig:40 - Configuration complete
2023-07-06 10:20:46 INFO  SecurityConfig:40 - Configuration complete
2023-07-06 10:20:53 WARN  LoginController:44 - CMG TO LOGIN!! a@gmail.com 1234
2023-07-06 10:22:00 INFO  SecurityConfig:40 - Configuration complete
2023-07-06 10:22:40 WARN  LoginController:44 - CMG TO LOGIN!! asd@gmail.com 1234
2023-07-06 10:22:58 WARN  LoginController:44 - CMG TO LOGIN!!  
2023-07-06 10:22:59 WARN  LoginController:44 - CMG TO LOGIN!!  
2023-07-06 10:23:06 WARN  LoginController:44 - CMG TO LOGIN!!  
2023-07-06 10:23:07 WARN  LoginController:44 - CMG TO LOGIN!!  
2023-07-06 10:23:08 WARN  LoginController:44 - CMG TO LOGIN!!  
2023-07-06 10:23:14 WARN  LoginController:44 - CMG TO LOGIN!! asd@gmail.com 
2023-07-06 10:23:51 INFO  SecurityConfig:40 - Configuration complete
2023-07-06 10:23:57 INFO  SecurityConfig:40 - Configuration complete
2023-07-06 10:24:49 INFO  SecurityConfig:40 - Configuration complete
2023-07-06 10:27:56 INFO  SecurityConfig:40 - Configuration complete
2023-07-06 10:28:10 INFO  SecurityConfig:40 - Configuration complete
2023-07-06 10:29:05 INFO  SecurityConfig:40 - Configuration complete
2023-07-06 10:29:16 INFO  SecurityConfig:40 - Configuration complete
2023-07-06 10:29:56 INFO  SecurityConfig:40 - Configuration complete
2023-07-06 10:30:13 INFO  SecurityConfig:40 - Configuration complete
2023-07-06 10:30:23 WARN  LoginController:44 - CMG TO LOGIN!!  
2023-07-06 10:30:42 INFO  SecurityConfig:40 - Configuration complete
2023-07-06 10:30:46 WARN  LoginController:44 - CMG TO LOGIN!! a@gmail.com 1234
2023-07-06 10:30:56 WARN  LoginController:44 - CMG TO LOGIN!! a@gmail.com 1234f
2023-07-06 10:31:07 WARN  LoginController:44 - CMG TO LOGIN!! a@gmail.com 123467
2023-07-06 10:32:58 INFO  SecurityConfig:40 - Configuration complete
2023-07-06 10:37:06 INFO  SecurityConfig:40 - Configuration complete
2023-07-06 10:37:58 INFO  SecurityConfig:40 - Configuration complete
2023-07-06 10:38:31 INFO  SecurityConfig:40 - Configuration complete
2023-07-06 10:49:45 INFO  SecurityConfig:40 - Configuration complete
2023-07-06 10:50:18 INFO  SecurityConfig:40 - Configuration complete
2023-07-06 10:51:25 WARN  LoginController:44 - CMG TO LOGIN!! a@gmail.com 1234
2023-07-06 10:54:00 INFO  SecurityConfig:40 - Configuration complete
2023-07-06 10:54:26 WARN  LoginController:44 - CMG TO LOGIN!! a@gmail.com 1234
2023-07-06 10:56:42 WARN  LoginController:44 - CMG TO LOGIN!! a@gmail.com 1234
2023-07-06 10:58:02 INFO  SecurityConfig:40 - Configuration complete
2023-07-06 10:58:12 WARN  LoginController:44 - CMG TO LOGIN!! a@gmail.com 1234
2023-07-06 11:02:39 INFO  SecurityConfig:40 - Configuration complete
2023-07-06 11:04:06 INFO  SecurityConfig:40 - Configuration complete
2023-07-06 11:05:27 INFO  SecurityConfig:40 - Configuration complete
2023-07-06 11:06:40 INFO  SecurityConfig:40 - Configuration complete
2023-07-06 11:07:09 INFO  SecurityConfig:40 - Configuration complete
2023-07-06 11:07:30 INFO  SecurityConfig:40 - Configuration complete
2023-07-06 11:08:04 INFO  SecurityConfig:40 - Configuration complete
2023-07-06 11:08:32 INFO  SecurityConfig:40 - Configuration complete
2023-07-06 11:09:27 INFO  SecurityConfig:40 - Configuration complete
2023-07-06 11:09:40 INFO  SecurityConfig:40 - Configuration complete
2023-07-06 11:10:14 INFO  SecurityConfig:40 - Configuration complete
2023-07-06 11:10:34 WARN  LoginController:44 - CMG TO LOGIN!! abc@gmail.com 1234
2023-07-06 11:13:56 INFO  SecurityConfig:40 - Configuration complete
2023-07-06 11:14:04 WARN  LoginController:44 - CMG TO LOGIN!! abc@gmail.com 1234
2023-07-06 11:25:25 INFO  SecurityConfig:40 - Configuration complete
2023-07-06 11:26:40 INFO  SecurityConfig:40 - Configuration complete
2023-07-06 11:27:36 INFO  SecurityConfig:40 - Configuration complete
2023-07-06 11:28:28 INFO  SecurityConfig:40 - Configuration complete
2023-07-06 11:29:39 INFO  SecurityConfig:40 - Configuration complete
2023-07-06 11:30:29 INFO  SecurityConfig:40 - Configuration complete
2023-07-06 11:31:42 INFO  SecurityConfig:40 - Configuration complete
2023-07-06 11:33:37 INFO  SecurityConfig:40 - Configuration complete
2023-07-06 11:34:19 INFO  SecurityConfig:40 - Configuration complete
2023-07-06 11:35:55 INFO  SecurityConfig:40 - Configuration complete
2023-07-06 11:36:39 INFO  SecurityConfig:40 - Configuration complete
2023-07-06 11:38:31 INFO  SecurityConfig:40 - Configuration complete
2023-07-06 11:38:56 INFO  SecurityConfig:40 - Configuration complete
2023-07-06 11:39:59 INFO  SecurityConfig:40 - Configuration complete
2023-07-06 11:41:03 INFO  SecurityConfig:40 - Configuration complete
2023-07-06 11:56:13 INFO  SecurityConfig:40 - Configuration complete
2023-07-06 11:59:20 INFO  SecurityConfig:40 - Configuration complete
2023-07-06 11:59:49 INFO  SecurityConfig:40 - Configuration complete
2023-07-06 12:00:42 INFO  SecurityConfig:40 - Configuration complete
2023-07-06 12:02:53 INFO  SecurityConfig:40 - Configuration complete
2023-07-06 12:04:01 INFO  SecurityConfig:40 - Configuration complete
2023-07-06 12:04:52 INFO  SecurityConfig:40 - Configuration complete
2023-07-06 12:05:42 INFO  SecurityConfig:40 - Configuration complete
2023-07-06 12:07:09 INFO  SecurityConfig:40 - Configuration complete
2023-07-06 12:08:27 INFO  SecurityConfig:40 - Configuration complete
2023-07-06 12:08:55 INFO  SecurityConfig:40 - Configuration complete
2023-07-06 12:10:57 INFO  SecurityConfig:40 - Configuration complete
2023-07-06 12:45:01 INFO  SecurityConfig:40 - Configuration complete
2023-07-06 12:45:41 INFO  SecurityConfig:40 - Configuration complete
2023-07-06 12:46:22 INFO  SecurityConfig:40 - Configuration complete
2023-07-06 12:46:42 INFO  SecurityConfig:40 - Configuration complete
2023-07-06 12:48:45 INFO  SecurityConfig:40 - Configuration complete
2023-07-06 12:51:41 INFO  SecurityConfig:40 - Configuration complete
2023-07-06 12:53:28 INFO  SecurityConfig:40 - Configuration complete
2023-07-06 12:56:15 INFO  SecurityConfig:40 - Configuration complete
2023-07-06 12:56:31 INFO  SecurityConfig:40 - Configuration complete
2023-07-06 12:59:48 INFO  SecurityConfig:40 - Configuration complete
2023-07-06 13:00:44 INFO  SecurityConfig:40 - Configuration complete
2023-07-06 13:01:00 INFO  SecurityConfig:40 - Configuration complete
2023-07-06 13:01:14 INFO  SecurityConfig:40 - Configuration complete
2023-07-06 13:02:05 INFO  SecurityConfig:40 - Configuration complete
2023-07-06 13:09:04 INFO  SecurityConfig:40 - Configuration complete
2023-07-06 13:09:43 INFO  SecurityConfig:40 - Configuration complete
2023-07-06 13:09:58 INFO  SecurityConfig:40 - Configuration complete
2023-07-06 13:10:22 INFO  SecurityConfig:40 - Configuration complete
2023-07-06 13:11:34 INFO  SecurityConfig:40 - Configuration complete
2023-07-06 13:13:27 INFO  SecurityConfig:40 - Configuration complete
2023-07-06 13:19:18 INFO  SecurityConfig:40 - Configuration complete
2023-07-06 13:26:18 INFO  SecurityConfig:40 - Configuration complete
2023-07-06 13:27:23 INFO  SecurityConfig:40 - Configuration complete
2023-07-06 13:27:45 INFO  SecurityConfig:40 - Configuration complete
2023-07-06 13:28:14 INFO  SecurityConfig:40 - Configuration complete
2023-07-06 13:28:45 INFO  SecurityConfig:40 - Configuration complete
2023-07-06 13:29:14 INFO  SecurityConfig:40 - Configuration complete
2023-07-06 13:34:36 INFO  SecurityConfig:40 - Configuration complete
2023-07-06 13:34:52 INFO  SecurityConfig:40 - Configuration complete
2023-07-06 13:35:34 INFO  SecurityConfig:40 - Configuration complete
2023-07-06 13:35:46 INFO  SecurityConfig:40 - Configuration complete
2023-07-06 13:47:45 INFO  SecurityConfig:40 - Configuration complete
2023-07-06 13:49:50 INFO  SecurityConfig:40 - Configuration complete
2023-07-06 13:50:37 INFO  SecurityConfig:40 - Configuration complete
2023-07-06 13:53:54 INFO  SecurityConfig:40 - Configuration complete
2023-07-06 13:56:59 INFO  SecurityConfig:40 - Configuration complete
2023-07-06 13:57:17 INFO  SecurityConfig:40 - Configuration complete
2023-07-06 14:13:02 INFO  SecurityConfig:40 - Configuration complete
2023-07-06 14:16:04 INFO  SecurityConfig:40 - Configuration complete
2023-07-06 14:23:21 INFO  SecurityConfig:40 - Configuration complete
2023-07-06 14:24:20 INFO  SecurityConfig:40 - Configuration complete
2023-07-06 14:30:57 INFO  SecurityConfig:40 - Configuration complete
2023-07-06 14:39:29 INFO  SecurityConfig:40 - Configuration complete
2023-07-06 14:39:54 INFO  SecurityConfig:40 - Configuration complete
2023-07-06 14:41:50 INFO  SecurityConfig:40 - Configuration complete
2023-07-06 14:42:25 INFO  SecurityConfig:40 - Configuration complete
2023-07-06 15:23:10 INFO  SecurityConfig:40 - Configuration complete
2023-07-06 15:24:33 INFO  SecurityConfig:40 - Configuration complete
2023-07-06 15:27:19 INFO  SecurityConfig:40 - Configuration complete
2023-07-06 15:29:42 INFO  SecurityConfig:40 - Configuration complete
2023-07-06 15:38:23 INFO  SecurityConfig:40 - Configuration complete
2023-07-06 15:39:20 INFO  SecurityConfig:40 - Configuration complete
2023-07-06 15:40:21 INFO  SecurityConfig:40 - Configuration complete
2023-07-06 15:41:16 INFO  SecurityConfig:40 - Configuration complete
2023-07-06 15:43:27 INFO  SecurityConfig:40 - Configuration complete
2023-07-06 15:50:57 INFO  SecurityConfig:40 - Configuration complete
2023-07-06 15:52:11 INFO  SecurityConfig:40 - Configuration complete
2023-07-06 15:53:39 INFO  SecurityConfig:40 - Configuration complete
2023-07-06 15:55:19 INFO  SecurityConfig:40 - Configuration complete
2023-07-06 15:59:55 INFO  SecurityConfig:40 - Configuration complete
2023-07-06 16:00:18 INFO  SecurityConfig:40 - Configuration complete
2023-07-06 16:01:57 INFO  SecurityConfig:40 - Configuration complete
2023-07-06 16:02:56 INFO  SecurityConfig:40 - Configuration complete
2023-07-06 16:03:43 INFO  SecurityConfig:40 - Configuration complete
2023-07-06 16:07:17 INFO  SecurityConfig:40 - Configuration complete
2023-07-06 16:20:54 INFO  SecurityConfig:40 - Configuration complete
2023-07-06 16:43:29 INFO  SecurityConfig:40 - Configuration complete
2023-07-06 16:56:44 INFO  SecurityConfig:40 - Configuration complete
2023-07-06 16:57:36 INFO  SecurityConfig:40 - Configuration complete
2023-07-06 17:10:58 INFO  SecurityConfig:40 - Configuration complete
2023-07-06 17:11:30 INFO  SecurityConfig:40 - Configuration complete
2023-07-06 19:04:51 INFO  SecurityConfig:40 - Configuration complete
2023-07-06 19:17:14 INFO  SecurityConfig:40 - Configuration complete
2023-07-06 19:17:58 INFO  SecurityConfig:40 - Configuration complete
2023-07-06 19:18:13 INFO  SecurityConfig:40 - Configuration complete
2023-07-06 19:18:21 INFO  SecurityConfig:40 - Configuration complete
2023-07-06 19:24:25 INFO  SecurityConfig:40 - Configuration complete
2023-07-06 19:26:20 INFO  SecurityConfig:40 - Configuration complete
2023-07-06 19:27:27 INFO  SecurityConfig:40 - Configuration complete
2023-07-06 19:29:03 INFO  SecurityConfig:40 - Configuration complete
2023-07-06 19:30:11 INFO  SecurityConfig:40 - Configuration complete
2023-07-06 19:31:04 INFO  SecurityConfig:40 - Configuration complete
2023-07-06 19:31:50 INFO  SecurityConfig:40 - Configuration complete
2023-07-06 19:33:34 INFO  SecurityConfig:40 - Configuration complete
2023-07-06 19:35:26 INFO  SecurityConfig:40 - Configuration complete
2023-07-06 19:36:10 INFO  SecurityConfig:40 - Configuration complete
2023-07-06 19:37:24 INFO  SecurityConfig:40 - Configuration complete
2023-07-06 19:38:42 INFO  SecurityConfig:40 - Configuration complete
2023-07-06 19:44:54 INFO  SecurityConfig:40 - Configuration complete
2023-07-06 19:45:47 INFO  SecurityConfig:40 - Configuration complete
2023-07-06 19:51:05 INFO  SecurityConfig:40 - Configuration complete
2023-07-06 19:52:08 INFO  SecurityConfig:40 - Configuration complete
2023-07-06 19:52:55 INFO  SecurityConfig:40 - Configuration complete
2023-07-06 19:55:56 INFO  SecurityConfig:40 - Configuration complete
2023-07-06 19:56:12 INFO  SecurityConfig:40 - Configuration complete
2023-07-06 19:57:26 INFO  SecurityConfig:40 - Configuration complete
2023-07-06 19:58:59 INFO  SecurityConfig:40 - Configuration complete
2023-07-06 20:02:51 INFO  SecurityConfig:40 - Configuration complete
2023-07-06 20:05:54 INFO  SecurityConfig:40 - Configuration complete
2023-07-06 20:08:01 INFO  SecurityConfig:40 - Configuration complete
2023-07-06 20:09:57 INFO  SecurityConfig:40 - Configuration complete
2023-07-06 20:11:27 INFO  SecurityConfig:40 - Configuration complete
2023-07-06 20:12:07 INFO  SecurityConfig:40 - Configuration complete
2023-07-07 08:40:59 INFO  SecurityConfig:40 - Configuration complete
2023-07-07 08:42:40 INFO  SecurityConfig:40 - Configuration complete
2023-07-07 08:43:52 INFO  SecurityConfig:40 - Configuration complete
2023-07-07 08:44:09 INFO  SecurityConfig:40 - Configuration complete
2023-07-07 08:45:12 INFO  SecurityConfig:40 - Configuration complete
2023-07-07 08:46:09 INFO  SecurityConfig:40 - Configuration complete
2023-07-07 08:48:56 INFO  SecurityConfig:40 - Configuration complete
2023-07-07 08:49:54 INFO  SecurityConfig:40 - Configuration complete
2023-07-07 08:54:27 INFO  SecurityConfig:40 - Configuration complete
2023-07-07 08:57:57 INFO  SecurityConfig:40 - Configuration complete
2023-07-07 08:58:09 INFO  SecurityConfig:40 - Configuration complete
2023-07-07 09:04:55 INFO  SecurityConfig:40 - Configuration complete
2023-07-07 09:06:26 INFO  SecurityConfig:40 - Configuration complete
2023-07-07 09:10:31 INFO  SecurityConfig:40 - Configuration complete
2023-07-07 09:12:45 INFO  SecurityConfig:40 - Configuration complete
2023-07-07 09:14:01 INFO  SecurityConfig:40 - Configuration complete
2023-07-07 09:18:18 INFO  SecurityConfig:40 - Configuration complete
2023-07-07 09:18:50 INFO  SecurityConfig:40 - Configuration complete
2023-07-07 09:19:24 INFO  SecurityConfig:40 - Configuration complete
2023-07-07 09:20:20 INFO  SecurityConfig:40 - Configuration complete
2023-07-07 09:25:24 INFO  SecurityConfig:40 - Configuration complete
2023-07-07 09:48:01 INFO  SecurityConfig:40 - Configuration complete
2023-07-07 09:50:16 INFO  SecurityConfig:40 - Configuration complete
2023-07-07 09:51:24 INFO  SecurityConfig:40 - Configuration complete
2023-07-07 09:52:32 INFO  SecurityConfig:40 - Configuration complete
2023-07-07 10:00:24 INFO  SecurityConfig:40 - Configuration complete
2023-07-07 10:03:31 INFO  SecurityConfig:40 - Configuration complete
2023-07-07 10:04:23 INFO  SecurityConfig:40 - Configuration complete
2023-07-07 10:05:01 INFO  SecurityConfig:40 - Configuration complete
2023-07-07 10:08:16 INFO  SecurityConfig:40 - Configuration complete
2023-07-07 10:11:15 INFO  SecurityConfig:40 - Configuration complete
2023-07-07 10:11:58 INFO  SecurityConfig:40 - Configuration complete
2023-07-07 10:15:17 INFO  SecurityConfig:40 - Configuration complete
2023-07-07 10:21:04 INFO  SecurityConfig:40 - Configuration complete
2023-07-07 10:22:40 INFO  SecurityConfig:40 - Configuration complete
2023-07-07 10:24:54 INFO  SecurityConfig:40 - Configuration complete
2023-07-07 10:27:00 INFO  SecurityConfig:40 - Configuration complete
2023-07-07 10:34:57 INFO  SecurityConfig:40 - Configuration complete
2023-07-07 10:36:40 INFO  SecurityConfig:40 - Configuration complete
2023-07-07 10:39:46 INFO  SecurityConfig:40 - Configuration complete
2023-07-07 10:41:11 INFO  SecurityConfig:40 - Configuration complete
2023-07-07 10:42:58 INFO  SecurityConfig:40 - Configuration complete
2023-07-07 10:52:57 INFO  SecurityConfig:40 - Configuration complete
2023-07-07 10:57:01 INFO  SecurityConfig:40 - Configuration complete
2023-07-07 10:58:10 INFO  SecurityConfig:40 - Configuration complete
2023-07-07 10:59:44 INFO  SecurityConfig:40 - Configuration complete
2023-07-07 11:01:02 INFO  SecurityConfig:40 - Configuration complete
2023-07-07 11:03:16 INFO  SecurityConfig:40 - Configuration complete
2023-07-07 11:06:12 INFO  SecurityConfig:40 - Configuration complete
2023-07-07 11:08:14 INFO  SecurityConfig:40 - Configuration complete
2023-07-07 11:09:39 INFO  SecurityConfig:40 - Configuration complete
2023-07-07 11:10:12 INFO  SecurityConfig:40 - Configuration complete
2023-07-07 11:10:21 INFO  SecurityConfig:40 - Configuration complete
2023-07-07 11:10:39 INFO  SecurityConfig:40 - Configuration complete
2023-07-07 11:24:27 INFO  SecurityConfig:40 - Configuration complete
2023-07-07 12:03:00 INFO  SecurityConfig:40 - Configuration complete
2023-07-07 12:42:56 INFO  SecurityConfig:40 - Configuration complete
2023-07-07 12:48:36 INFO  SecurityConfig:40 - Configuration complete
2023-07-07 12:52:39 INFO  SecurityConfig:40 - Configuration complete
2023-07-07 12:52:59 INFO  SecurityConfig:40 - Configuration complete
2023-07-07 12:54:47 INFO  SecurityConfig:40 - Configuration complete
2023-07-07 12:57:55 INFO  SecurityConfig:40 - Configuration complete
2023-07-07 13:05:23 INFO  SecurityConfig:40 - Configuration complete
2023-07-07 13:12:53 INFO  SecurityConfig:40 - Configuration complete
2023-07-07 13:15:01 INFO  SecurityConfig:40 - Configuration complete
2023-07-07 13:15:43 INFO  SecurityConfig:40 - Configuration complete
2023-07-07 13:18:16 INFO  SecurityConfig:40 - Configuration complete
2023-07-07 13:25:05 INFO  SecurityConfig:40 - Configuration complete
2023-07-07 13:25:56 INFO  SecurityConfig:40 - Configuration complete
2023-07-07 13:37:17 INFO  SecurityConfig:40 - Configuration complete
2023-07-07 13:40:10 INFO  SecurityConfig:40 - Configuration complete
2023-07-07 13:56:24 INFO  SecurityConfig:40 - Configuration complete
2023-07-07 14:08:07 INFO  SecurityConfig:40 - Configuration complete
2023-07-07 14:26:15 INFO  SecurityConfig:40 - Configuration complete
2023-07-07 15:36:43 INFO  SecurityConfig:40 - Configuration complete
2023-07-07 15:38:24 INFO  SecurityConfig:40 - Configuration complete
2023-07-07 15:54:22 INFO  SecurityConfig:40 - Configuration complete
2023-07-07 16:22:12 INFO  SecurityConfig:40 - Configuration complete
2023-07-09 14:13:15 INFO  SecurityConfig:40 - Configuration complete
2023-07-09 14:27:45 INFO  SecurityConfig:40 - Configuration complete
2023-07-09 14:30:06 INFO  SecurityConfig:40 - Configuration complete
2023-07-10 08:51:16 INFO  SecurityConfig:40 - Configuration complete
2023-07-10 09:10:17 INFO  SecurityConfig:40 - Configuration complete
2023-07-10 09:15:55 INFO  SecurityConfig:40 - Configuration complete
2023-07-10 09:19:05 INFO  SecurityConfig:40 - Configuration complete
2023-07-10 09:20:31 INFO  SecurityConfig:40 - Configuration complete
2023-07-10 09:27:37 INFO  SecurityConfig:40 - Configuration complete
2023-07-10 09:30:22 INFO  SecurityConfig:40 - Configuration complete
2023-07-10 09:39:23 INFO  SecurityConfig:40 - Configuration complete
2023-07-10 09:39:52 INFO  SecurityConfig:40 - Configuration complete
2023-07-10 09:56:12 INFO  SecurityConfig:40 - Configuration complete
2023-07-10 10:00:13 INFO  SecurityConfig:40 - Configuration complete
2023-07-10 10:01:58 INFO  SecurityConfig:40 - Configuration complete
2023-07-10 10:13:16 INFO  SecurityConfig:40 - Configuration complete
2023-07-10 10:28:09 INFO  SecurityConfig:40 - Configuration complete
2023-07-10 10:46:18 INFO  SecurityConfig:40 - Configuration complete
2023-07-10 10:47:07 INFO  SecurityConfig:40 - Configuration complete
2023-07-10 11:05:59 INFO  SecurityConfig:40 - Configuration complete
2023-07-10 11:19:25 INFO  SecurityConfig:40 - Configuration complete
2023-07-10 11:24:00 INFO  SecurityConfig:40 - Configuration complete
2023-07-10 11:25:02 INFO  SecurityConfig:40 - Configuration complete
2023-07-10 11:25:51 INFO  SecurityConfig:40 - Configuration complete
2023-07-10 11:27:08 INFO  SecurityConfig:40 - Configuration complete
2023-07-10 11:27:46 INFO  SecurityConfig:40 - Configuration complete
2023-07-10 11:30:12 INFO  SecurityConfig:40 - Configuration complete
2023-07-10 11:31:38 INFO  SecurityConfig:40 - Configuration complete
2023-07-10 11:32:02 INFO  SecurityConfig:40 - Configuration complete
2023-07-10 11:32:18 INFO  SecurityConfig:40 - Configuration complete
2023-07-10 11:33:29 INFO  SecurityConfig:40 - Configuration complete
2023-07-10 12:14:23 INFO  SecurityConfig:40 - Configuration complete
2023-07-10 12:16:20 INFO  SecurityConfig:40 - Configuration complete
2023-07-10 13:03:37 INFO  SecurityConfig:40 - Configuration complete
2023-07-10 13:04:36 INFO  SecurityConfig:40 - Configuration complete
2023-07-10 13:05:40 INFO  SecurityConfig:40 - Configuration complete
2023-07-10 13:07:15 INFO  SecurityConfig:40 - Configuration complete
2023-07-10 13:15:08 INFO  SecurityConfig:40 - Configuration complete
2023-07-10 13:16:09 INFO  SecurityConfig:40 - Configuration complete
2023-07-10 13:18:03 INFO  SecurityConfig:40 - Configuration complete
2023-07-10 13:19:47 INFO  SecurityConfig:40 - Configuration complete
2023-07-10 13:25:09 INFO  SecurityConfig:40 - Configuration complete
2023-07-10 13:25:45 INFO  SecurityConfig:40 - Configuration complete
2023-07-10 13:28:27 INFO  SecurityConfig:40 - Configuration complete
2023-07-10 13:33:15 INFO  SecurityConfig:40 - Configuration complete
2023-07-10 13:34:41 INFO  SecurityConfig:40 - Configuration complete
2023-07-10 13:36:02 INFO  SecurityConfig:40 - Configuration complete
2023-07-10 13:37:25 INFO  SecurityConfig:40 - Configuration complete
2023-07-10 13:44:01 INFO  SecurityConfig:40 - Configuration complete
2023-07-10 13:48:49 INFO  SecurityConfig:40 - Configuration complete
2023-07-10 13:51:23 INFO  SecurityConfig:40 - Configuration complete
2023-07-10 13:55:56 INFO  SecurityConfig:40 - Configuration complete
2023-07-10 13:57:37 INFO  SecurityConfig:40 - Configuration complete
2023-07-10 13:59:03 INFO  SecurityConfig:40 - Configuration complete
2023-07-10 14:02:12 INFO  SecurityConfig:40 - Configuration complete
2023-07-10 14:04:00 INFO  SecurityConfig:40 - Configuration complete
2023-07-10 14:07:56 INFO  SecurityConfig:42 - Configuration complete
2023-07-10 14:09:23 INFO  SecurityConfig:42 - Configuration complete
2023-07-10 14:11:30 INFO  SecurityConfig:42 - Configuration complete
2023-07-10 14:29:51 INFO  SecurityConfig:42 - Configuration complete
2023-07-10 14:31:11 INFO  SecurityConfig:42 - Configuration complete
2023-07-10 14:37:05 INFO  SecurityConfig:42 - Configuration complete
2023-07-10 14:49:45 INFO  SecurityConfig:42 - Configuration complete
2023-07-10 14:51:25 INFO  SecurityConfig:42 - Configuration complete
2023-07-10 17:03:58 INFO  SecurityConfig:43 - Configuration complete
2023-07-10 18:52:37 INFO  SecurityConfig:44 - Configuration complete
2023-07-11 10:15:09 INFO  SecurityConfig:44 - Configuration complete
2023-07-11 10:18:17 INFO  SecurityConfig:44 - Configuration complete
2023-07-11 10:27:49 INFO  SecurityConfig:44 - Configuration complete
2023-07-11 10:33:24 INFO  SecurityConfig:44 - Configuration complete
2023-07-11 13:18:53 INFO  SecurityConfig:44 - Configuration complete
2023-07-11 13:19:46 INFO  SecurityConfig:44 - Configuration complete
2023-07-11 13:22:37 INFO  SecurityConfig:44 - Configuration complete
2023-07-11 13:24:01 INFO  SecurityConfig:44 - Configuration complete
2023-07-11 13:24:30 INFO  SecurityConfig:44 - Configuration complete
2023-07-11 13:44:29 INFO  SecurityConfig:44 - Configuration complete
2023-07-11 13:45:26 WARN  SqlExceptionHelper:137 - SQL Error: 1364, SQLState: HY000
2023-07-11 13:45:26 ERROR SqlExceptionHelper:142 - Field 'id' doesn't have a default value
2023-07-11 13:45:26 ERROR ExceptionMapperStandardImpl:39 - HHH000346: Error during managed flush [org.hibernate.exception.GenericJDBCException: could not execute statement]
2023-07-11 13:45:48 WARN  SqlExceptionHelper:137 - SQL Error: 1364, SQLState: HY000
2023-07-11 13:45:48 ERROR SqlExceptionHelper:142 - Field 'id' doesn't have a default value
2023-07-11 13:45:48 ERROR ExceptionMapperStandardImpl:39 - HHH000346: Error during managed flush [org.hibernate.exception.GenericJDBCException: could not execute statement]
2023-07-11 13:46:36 INFO  SecurityConfig:44 - Configuration complete
2023-07-11 13:48:30 INFO  SecurityConfig:44 - Configuration complete
2023-07-11 13:52:12 INFO  SecurityConfig:44 - Configuration complete
2023-07-11 13:54:11 INFO  SecurityConfig:44 - Configuration complete
2023-07-11 14:15:44 INFO  SecurityConfig:44 - Configuration complete
2023-07-11 14:43:44 INFO  SecurityConfig:44 - Configuration complete
2023-07-11 14:46:03 INFO  SecurityConfig:44 - Configuration complete
2023-07-11 15:11:23 INFO  SecurityConfig:44 - Configuration complete
2023-07-11 15:12:08 INFO  SecurityConfig:44 - Configuration complete
2023-07-11 15:13:09 WARN  SqlExceptionHelper:137 - SQL Error: 1064, SQLState: 42000
2023-07-11 15:13:09 ERROR SqlExceptionHelper:142 - You have an error in your SQL syntax; check the manual that corresponds to your MySQL server version for the right syntax to use near ')' at line 1
2023-07-11 15:14:33 WARN  SqlExceptionHelper:137 - SQL Error: 1064, SQLState: 42000
2023-07-11 15:14:33 ERROR SqlExceptionHelper:142 - You have an error in your SQL syntax; check the manual that corresponds to your MySQL server version for the right syntax to use near ')' at line 1
2023-07-11 15:16:52 INFO  SecurityConfig:44 - Configuration complete
2023-07-11 15:17:33 WARN  SqlExceptionHelper:137 - SQL Error: 1064, SQLState: 42000
2023-07-11 15:17:33 ERROR SqlExceptionHelper:142 - You have an error in your SQL syntax; check the manual that corresponds to your MySQL server version for the right syntax to use near ')' at line 1
2023-07-11 15:17:38 WARN  SqlExceptionHelper:137 - SQL Error: 1064, SQLState: 42000
2023-07-11 15:17:38 ERROR SqlExceptionHelper:142 - You have an error in your SQL syntax; check the manual that corresponds to your MySQL server version for the right syntax to use near ')' at line 1
2023-07-11 15:18:09 INFO  SecurityConfig:44 - Configuration complete
2023-07-11 15:19:00 WARN  SqlExceptionHelper:137 - SQL Error: 1064, SQLState: 42000
2023-07-11 15:19:00 ERROR SqlExceptionHelper:142 - You have an error in your SQL syntax; check the manual that corresponds to your MySQL server version for the right syntax to use near ')' at line 1
2023-07-11 15:20:15 WARN  SqlExceptionHelper:137 - SQL Error: 1064, SQLState: 42000
2023-07-11 15:20:15 ERROR SqlExceptionHelper:142 - You have an error in your SQL syntax; check the manual that corresponds to your MySQL server version for the right syntax to use near ')' at line 1
2023-07-11 15:20:35 INFO  SecurityConfig:44 - Configuration complete
2023-07-11 15:20:54 WARN  SqlExceptionHelper:137 - SQL Error: 1064, SQLState: 42000
2023-07-11 15:20:55 ERROR SqlExceptionHelper:142 - You have an error in your SQL syntax; check the manual that corresponds to your MySQL server version for the right syntax to use near ')' at line 1
2023-07-11 15:30:52 WARN  SqlExceptionHelper:137 - SQL Error: 1064, SQLState: 42000
2023-07-11 15:30:52 ERROR SqlExceptionHelper:142 - You have an error in your SQL syntax; check the manual that corresponds to your MySQL server version for the right syntax to use near ')' at line 1
2023-07-11 15:31:13 INFO  SecurityConfig:44 - Configuration complete
2023-07-11 15:33:05 WARN  SqlExceptionHelper:137 - SQL Error: 1064, SQLState: 42000
2023-07-11 15:33:05 ERROR SqlExceptionHelper:142 - You have an error in your SQL syntax; check the manual that corresponds to your MySQL server version for the right syntax to use near ')' at line 1
2023-07-11 15:34:23 INFO  SecurityConfig:43 - Configuration complete
2023-07-11 15:34:37 WARN  SqlExceptionHelper:137 - SQL Error: 1064, SQLState: 42000
2023-07-11 15:34:37 ERROR SqlExceptionHelper:142 - You have an error in your SQL syntax; check the manual that corresponds to your MySQL server version for the right syntax to use near ')' at line 1
2023-07-11 15:37:42 WARN  SqlExceptionHelper:137 - SQL Error: 1064, SQLState: 42000
2023-07-11 15:37:42 ERROR SqlExceptionHelper:142 - You have an error in your SQL syntax; check the manual that corresponds to your MySQL server version for the right syntax to use near ')' at line 1
2023-07-11 15:37:59 INFO  SecurityConfig:43 - Configuration complete
2023-07-11 15:39:49 INFO  SecurityConfig:43 - Configuration complete
2023-07-11 15:54:09 INFO  SecurityConfig:43 - Configuration complete
2023-07-11 17:11:22 INFO  SecurityConfig:43 - Configuration complete
2023-07-11 17:19:54 INFO  SecurityConfig:43 - Configuration complete
2023-07-11 17:20:23 INFO  SecurityConfig:43 - Configuration complete
2023-07-11 17:24:00 INFO  SecurityConfig:43 - Configuration complete
2023-07-11 17:24:34 INFO  SecurityConfig:43 - Configuration complete
2023-07-12 09:04:30 INFO  SecurityConfig:43 - Configuration complete
2023-07-12 09:09:30 INFO  SecurityConfig:43 - Configuration complete
2023-07-12 09:12:33 INFO  SecurityConfig:43 - Configuration complete
2023-07-12 09:13:45 INFO  SecurityConfig:43 - Configuration complete
2023-07-12 09:14:07 INFO  SecurityConfig:43 - Configuration complete
2023-07-12 09:29:44 INFO  SecurityConfig:43 - Configuration complete
2023-07-12 09:39:07 INFO  SecurityConfig:43 - Configuration complete
2023-07-12 09:41:35 INFO  SecurityConfig:43 - Configuration complete
2023-07-12 09:42:47 INFO  SecurityConfig:43 - Configuration complete
2023-07-12 09:47:12 INFO  SecurityConfig:43 - Configuration complete
2023-07-12 09:47:40 INFO  SecurityConfig:43 - Configuration complete
2023-07-12 09:52:53 INFO  SecurityConfig:43 - Configuration complete
2023-07-12 09:54:11 INFO  SecurityConfig:43 - Configuration complete
2023-07-12 09:54:56 INFO  SecurityConfig:43 - Configuration complete
2023-07-12 09:58:11 INFO  SecurityConfig:43 - Configuration complete
2023-07-12 10:10:41 INFO  SecurityConfig:43 - Configuration complete
2023-07-12 10:12:47 INFO  SecurityConfig:43 - Configuration complete
2023-07-12 10:19:21 INFO  SecurityConfig:43 - Configuration complete
2023-07-12 10:43:53 INFO  SecurityConfig:43 - Configuration complete
2023-07-12 10:46:30 INFO  SecurityConfig:43 - Configuration complete
2023-07-12 10:56:15 INFO  SecurityConfig:43 - Configuration complete
2023-07-12 11:01:44 INFO  SecurityConfig:43 - Configuration complete
2023-07-12 11:52:45 INFO  SecurityConfig:43 - Configuration complete
2023-07-12 12:07:37 INFO  SecurityConfig:43 - Configuration complete
2023-07-12 12:08:02 INFO  SecurityConfig:43 - Configuration complete
2023-07-12 14:15:30 INFO  SecurityConfig:43 - Configuration complete
2023-07-12 14:16:38 INFO  SecurityConfig:43 - Configuration complete
2023-07-12 14:21:14 INFO  SecurityConfig:43 - Configuration complete
2023-07-12 14:22:15 INFO  SecurityConfig:43 - Configuration complete
2023-07-12 14:27:47 INFO  SecurityConfig:43 - Configuration complete
2023-07-12 14:44:25 INFO  SecurityConfig:43 - Configuration complete
2023-07-12 14:44:35 INFO  SecurityConfig:43 - Configuration complete
2023-07-12 14:46:45 INFO  SecurityConfig:43 - Configuration complete
2023-07-12 14:48:24 INFO  SecurityConfig:43 - Configuration complete
2023-07-12 14:49:21 INFO  SecurityConfig:43 - Configuration complete
2023-07-12 14:50:21 INFO  SecurityConfig:43 - Configuration complete
2023-07-12 14:52:41 INFO  SecurityConfig:43 - Configuration complete
2023-07-12 14:53:19 INFO  SecurityConfig:43 - Configuration complete
2023-07-12 14:54:15 INFO  SecurityConfig:43 - Configuration complete
2023-07-12 14:56:46 INFO  SecurityConfig:43 - Configuration complete
2023-07-12 14:58:04 INFO  SecurityConfig:43 - Configuration complete
2023-07-12 14:59:18 INFO  SecurityConfig:43 - Configuration complete
2023-07-12 15:01:29 INFO  SecurityConfig:43 - Configuration complete
2023-07-12 15:12:28 INFO  SecurityConfig:43 - Configuration complete
2023-07-12 15:23:01 INFO  SecurityConfig:43 - Configuration complete
2023-07-12 16:30:12 INFO  SecurityConfig:43 - Configuration complete
2023-07-12 16:38:57 INFO  SecurityConfig:43 - Configuration complete
2023-07-12 16:57:48 INFO  SecurityConfig:43 - Configuration complete
2023-07-12 17:00:05 INFO  SecurityConfig:43 - Configuration complete
2023-07-12 17:01:57 INFO  SecurityConfig:43 - Configuration complete
2023-07-12 17:03:40 INFO  SecurityConfig:43 - Configuration complete
2023-07-12 17:05:03 INFO  SecurityConfig:43 - Configuration complete
2023-07-12 17:06:26 INFO  SecurityConfig:43 - Configuration complete
2023-07-13 08:50:33 INFO  SecurityConfig:43 - Configuration complete
2023-07-13 09:22:05 INFO  SecurityConfig:43 - Configuration complete
2023-07-13 09:56:03 INFO  SecurityConfig:43 - Configuration complete
2023-07-13 09:58:03 INFO  SecurityConfig:43 - Configuration complete
2023-07-13 10:00:08 INFO  SecurityConfig:43 - Configuration complete
2023-07-13 10:01:05 INFO  SecurityConfig:43 - Configuration complete
2023-07-13 10:01:28 INFO  SecurityConfig:43 - Configuration complete
2023-07-13 10:06:58 INFO  SecurityConfig:43 - Configuration complete
2023-07-13 10:08:11 INFO  SecurityConfig:43 - Configuration complete
2023-07-13 10:14:46 INFO  SecurityConfig:43 - Configuration complete
2023-07-13 10:17:30 INFO  SecurityConfig:43 - Configuration complete
2023-07-13 10:19:37 INFO  SecurityConfig:43 - Configuration complete
2023-07-13 10:24:14 INFO  SecurityConfig:43 - Configuration complete
2023-07-13 10:31:09 INFO  SecurityConfig:43 - Configuration complete
2023-07-13 10:31:44 INFO  SecurityConfig:43 - Configuration complete
2023-07-13 10:32:10 INFO  SecurityConfig:43 - Configuration complete
2023-07-13 10:39:02 INFO  SecurityConfig:43 - Configuration complete
2023-07-13 10:41:37 INFO  SecurityConfig:43 - Configuration complete
2023-07-13 10:43:12 INFO  SecurityConfig:43 - Configuration complete
2023-07-13 10:46:05 INFO  SecurityConfig:43 - Configuration complete
2023-07-13 10:48:35 INFO  SecurityConfig:43 - Configuration complete
2023-07-13 10:49:27 INFO  SecurityConfig:43 - Configuration complete
2023-07-13 10:50:31 INFO  SecurityConfig:43 - Configuration complete
2023-07-13 10:56:32 INFO  SecurityConfig:43 - Configuration complete
2023-07-13 11:00:36 INFO  SecurityConfig:43 - Configuration complete
2023-07-13 11:01:35 INFO  SecurityConfig:43 - Configuration complete
2023-07-13 11:03:07 INFO  SecurityConfig:43 - Configuration complete
2023-07-13 11:04:42 INFO  SecurityConfig:43 - Configuration complete
2023-07-13 11:08:35 INFO  SecurityConfig:43 - Configuration complete
2023-07-13 11:32:23 INFO  SecurityConfig:43 - Configuration complete
2023-07-13 11:32:50 INFO  SecurityConfig:43 - Configuration complete
2023-07-13 11:38:58 INFO  SecurityConfig:43 - Configuration complete
2023-07-13 11:39:34 INFO  SecurityConfig:43 - Configuration complete
2023-07-13 11:40:29 INFO  SecurityConfig:43 - Configuration complete
2023-07-13 11:46:45 WARN  SqlExceptionHelper:137 - SQL Error: 1146, SQLState: 42S02
2023-07-13 11:46:45 ERROR SqlExceptionHelper:142 - Table 'pos.users' doesn't exist
2023-07-13 11:46:57 INFO  SecurityConfig:43 - Configuration complete
2023-07-13 13:15:36 INFO  SecurityConfig:43 - Configuration complete
2023-07-13 13:30:06 INFO  SecurityConfig:43 - Configuration complete
2023-07-13 13:36:28 INFO  SecurityConfig:43 - Configuration complete
2023-07-13 13:37:19 INFO  SecurityConfig:43 - Configuration complete
2023-07-13 13:39:43 INFO  SecurityConfig:43 - Configuration complete
2023-07-13 13:48:58 INFO  SecurityConfig:43 - Configuration complete
2023-07-13 13:54:14 INFO  SecurityConfig:43 - Configuration complete
2023-07-13 14:03:56 INFO  SecurityConfig:43 - Configuration complete
2023-07-13 14:05:19 INFO  SecurityConfig:43 - Configuration complete
2023-07-13 14:05:52 INFO  SecurityConfig:43 - Configuration complete
2023-07-13 14:06:03 INFO  SecurityConfig:43 - Configuration complete
2023-07-13 14:11:12 INFO  SecurityConfig:43 - Configuration complete
2023-07-13 14:12:37 INFO  SecurityConfig:43 - Configuration complete
2023-07-13 14:15:42 INFO  SecurityConfig:43 - Configuration complete
2023-07-13 14:18:38 INFO  SecurityConfig:43 - Configuration complete
2023-07-13 14:31:43 INFO  SecurityConfig:43 - Configuration complete
2023-07-13 14:42:53 INFO  SecurityConfig:43 - Configuration complete
2023-07-13 15:00:43 INFO  SecurityConfig:43 - Configuration complete
2023-07-13 15:38:22 INFO  SecurityConfig:43 - Configuration complete
2023-07-13 15:51:43 INFO  SecurityConfig:43 - Configuration complete
2023-07-13 15:54:40 INFO  SecurityConfig:43 - Configuration complete
2023-07-13 15:55:12 INFO  SecurityConfig:43 - Configuration complete
2023-07-13 16:03:00 INFO  SecurityConfig:43 - Configuration complete
2023-07-13 16:03:45 INFO  SecurityConfig:43 - Configuration complete
2023-07-13 16:06:16 INFO  SecurityConfig:43 - Configuration complete
2023-07-13 16:07:02 INFO  SecurityConfig:43 - Configuration complete
2023-07-13 16:09:04 INFO  SecurityConfig:43 - Configuration complete
2023-07-13 16:19:48 INFO  SecurityConfig:43 - Configuration complete
2023-07-13 16:20:51 INFO  SecurityConfig:43 - Configuration complete
2023-07-13 16:22:04 INFO  SecurityConfig:43 - Configuration complete
2023-07-13 16:22:57 INFO  SecurityConfig:43 - Configuration complete
2023-07-13 16:25:55 INFO  SecurityConfig:43 - Configuration complete
2023-07-13 16:27:19 INFO  SecurityConfig:43 - Configuration complete
2023-07-13 16:29:00 INFO  SecurityConfig:43 - Configuration complete
2023-07-13 16:30:17 INFO  SecurityConfig:43 - Configuration complete
2023-07-13 17:09:03 INFO  SecurityConfig:43 - Configuration complete
2023-07-13 17:09:21 INFO  SecurityConfig:43 - Configuration complete
2023-07-13 17:11:27 INFO  SecurityConfig:43 - Configuration complete
2023-07-13 22:30:49 INFO  SecurityConfig:43 - Configuration complete
2023-07-13 22:32:08 INFO  SecurityConfig:43 - Configuration complete
2023-07-13 22:33:24 INFO  SecurityConfig:43 - Configuration complete
2023-07-14 09:59:46 INFO  SecurityConfig:43 - Configuration complete
2023-07-14 10:20:02 INFO  SecurityConfig:43 - Configuration complete
2023-07-14 10:21:25 INFO  SecurityConfig:43 - Configuration complete
2023-07-14 10:50:49 INFO  SecurityConfig:43 - Configuration complete
2023-07-14 10:52:41 INFO  SecurityConfig:43 - Configuration complete
2023-07-14 10:54:52 INFO  SecurityConfig:43 - Configuration complete
2023-07-14 10:57:07 INFO  SecurityConfig:43 - Configuration complete
2023-07-14 11:02:41 INFO  SecurityConfig:43 - Configuration complete
2023-07-14 11:15:03 INFO  SecurityConfig:43 - Configuration complete
2023-07-14 12:50:45 INFO  SecurityConfig:43 - Configuration complete
2023-07-14 13:19:41 INFO  SecurityConfig:43 - Configuration complete
2023-07-14 13:22:51 INFO  SecurityConfig:43 - Configuration complete
2023-07-14 13:50:55 INFO  SecurityConfig:43 - Configuration complete
2023-07-14 14:15:33 INFO  SecurityConfig:43 - Configuration complete
2023-07-14 14:18:56 INFO  SecurityConfig:43 - Configuration complete
2023-07-14 15:29:07 INFO  SecurityConfig:43 - Configuration complete
2023-07-17 09:29:33 INFO  SecurityConfig:43 - Configuration complete
2023-07-17 09:30:44 INFO  SecurityConfig:43 - Configuration complete
2023-07-17 09:31:32 INFO  SecurityConfig:43 - Configuration complete
2023-07-17 09:34:55 INFO  SecurityConfig:43 - Configuration complete
2023-07-17 09:36:13 INFO  SecurityConfig:43 - Configuration complete
2023-07-17 09:40:07 INFO  SecurityConfig:43 - Configuration complete
2023-07-17 09:41:17 INFO  SecurityConfig:43 - Configuration complete
2023-07-17 09:44:14 INFO  SecurityConfig:43 - Configuration complete
2023-07-17 09:48:36 INFO  SecurityConfig:43 - Configuration complete
2023-07-17 09:53:56 INFO  SecurityConfig:43 - Configuration complete
2023-07-17 10:08:11 INFO  SecurityConfig:43 - Configuration complete
2023-07-17 10:16:11 INFO  SecurityConfig:43 - Configuration complete
2023-07-17 10:18:57 INFO  SecurityConfig:43 - Configuration complete
2023-07-17 10:24:57 INFO  SecurityConfig:43 - Configuration complete
2023-07-17 10:38:32 INFO  SecurityConfig:43 - Configuration complete
2023-07-17 10:39:12 INFO  SecurityConfig:43 - Configuration complete
2023-07-17 10:42:31 INFO  SecurityConfig:43 - Configuration complete
2023-07-17 10:44:13 INFO  SecurityConfig:43 - Configuration complete
2023-07-17 10:45:54 INFO  SecurityConfig:43 - Configuration complete
2023-07-17 10:47:29 INFO  SecurityConfig:43 - Configuration complete
2023-07-17 10:50:03 INFO  SecurityConfig:43 - Configuration complete
2023-07-17 10:51:35 INFO  SecurityConfig:43 - Configuration complete
2023-07-17 10:55:13 INFO  SecurityConfig:43 - Configuration complete
2023-07-17 10:58:56 INFO  SecurityConfig:43 - Configuration complete
2023-07-17 11:03:24 INFO  SecurityConfig:43 - Configuration complete
2023-07-17 11:07:30 INFO  SecurityConfig:43 - Configuration complete
2023-07-17 11:11:34 INFO  SecurityConfig:43 - Configuration complete
2023-07-17 11:18:05 INFO  SecurityConfig:43 - Configuration complete
2023-07-17 11:36:19 INFO  SecurityConfig:42 - Configuration complete
2023-07-17 11:39:54 INFO  SecurityConfig:43 - Configuration complete
2023-07-17 11:42:08 INFO  SecurityConfig:43 - Configuration complete
2023-07-17 11:47:27 INFO  SecurityConfig:44 - Configuration complete
2023-07-17 11:49:43 INFO  SecurityConfig:44 - Configuration complete
2023-07-17 11:53:41 INFO  SecurityConfig:44 - Configuration complete
2023-07-17 12:00:22 INFO  SecurityConfig:44 - Configuration complete
2023-07-17 12:01:45 INFO  SecurityConfig:44 - Configuration complete
2023-07-17 14:17:27 INFO  SecurityConfig:44 - Configuration complete
2023-07-17 14:52:28 INFO  SecurityConfig:44 - Configuration complete
2023-07-17 15:05:59 INFO  SecurityConfig:44 - Configuration complete
2023-07-17 15:06:08 INFO  SecurityConfig:44 - Configuration complete
2023-07-17 15:29:26 INFO  SecurityConfig:44 - Configuration complete
2023-07-17 15:29:31 INFO  SecurityConfig:44 - Configuration complete
2023-07-17 15:37:10 INFO  SecurityConfig:44 - Configuration complete
2023-07-17 16:41:11 INFO  SecurityConfig:44 - Configuration complete
2023-07-17 16:49:57 INFO  SecurityConfig:44 - Configuration complete
2023-07-18 10:41:54 INFO  SecurityConfig:44 - Configuration complete
2023-07-18 11:09:23 INFO  SecurityConfig:56 - Configuration complete
2023-07-18 11:10:48 INFO  SecurityConfig:56 - Configuration complete
