2023-06-28 13:34:06 WARN  PdfDto:28 - ORDER CUSTOMER NAME : random
2023-06-28 13:34:47 WARN  PdfDto:28 - ORDER CUSTOMER NAME : random
2023-06-29 16:32:44 WARN  XMLCreation:27 - CAME HERE!!
2023-06-29 16:34:27 WARN  XMLCreation:27 - CAME HERE!!
2023-06-29 16:34:58 WARN  XMLCreation:27 - CAME HERE!!
2023-06-29 16:56:53 WARN  XMLCreation:27 - CAME HERE!!
2023-06-29 16:56:55 WARN  XMLCreation:29 - orderForm time 2022-03-22T04:45:30Z[UTC]
2023-06-29 16:58:03 WARN  XMLCreation:27 - CAME HERE!!
2023-06-29 16:58:04 WARN  XMLCreation:29 - orderForm time 1688038200
2023-06-29 17:01:13 WARN  XMLCreation:27 - CAME HERE!!
2023-06-29 17:01:13 WARN  XMLCreation:29 - orderForm time 1688038200
2023-06-29 17:07:41 WARN  XMLCreation:27 - CAME HERE!!
2023-06-29 17:07:41 WARN  XMLCreation:29 - orderForm time 1688038200
2023-06-29 17:11:32 WARN  XMLCreation:27 - CAME HERE!!
2023-06-29 17:11:32 WARN  XMLCreation:29 - orderForm time 1688038200
2023-07-03 09:52:36 WARN  XMLCreation:27 - CAME HERE!!
2023-07-03 09:52:36 WARN  XMLCreation:29 - orderForm time 1688358150
2023-07-04 16:20:18 WARN  XMLCreation:27 - CAME HERE!!
2023-07-04 16:20:18 WARN  XMLCreation:29 - orderForm time null
2023-07-04 16:20:23 WARN  XMLCreation:27 - CAME HERE!!
2023-07-04 16:20:23 WARN  XMLCreation:29 - orderForm time null
2023-07-04 16:20:29 WARN  XMLCreation:27 - CAME HERE!!
2023-07-04 16:20:29 WARN  XMLCreation:29 - orderForm time null
2023-07-04 16:21:26 WARN  XMLCreation:27 - CAME HERE!!
2023-07-04 16:21:26 WARN  XMLCreation:29 - orderForm time null
2023-07-04 16:22:08 WARN  XMLCreation:27 - CAME HERE!!
2023-07-04 16:22:08 WARN  XMLCreation:29 - orderForm time null
2023-07-04 16:22:30 WARN  XMLCreation:27 - CAME HERE!!
2023-07-04 16:22:30 WARN  XMLCreation:29 - orderForm time null
2023-07-04 16:27:27 WARN  XMLCreation:27 - CAME HERE!!
2023-07-04 16:27:27 WARN  XMLCreation:29 - orderForm time null
2023-07-04 16:29:00 WARN  XMLCreation:27 - CAME HERE!!
2023-07-04 16:29:00 WARN  XMLCreation:29 - orderForm time null
2023-07-04 16:29:43 WARN  XMLCreation:27 - CAME HERE!!
2023-07-04 16:29:43 WARN  XMLCreation:29 - orderForm time null
